<?xml version="1.0" encoding="UTF-8"?>
<testsuite xmlns:xsi="http://www.w3.org/2001/XMLSchema-instance" xsi:noNamespaceSchemaLocation="https://maven.apache.org/surefire/maven-surefire-plugin/xsd/surefire-test-report.xsd" name="sortpom.SortPomImpl_ESTest" time="1.161" tests="4" errors="0" skipped="0" failures="0">
  <properties>
[...]
</properties>
  <testcase name="test1" classname="sortpom.SortPomImpl_ESTest" time="0.002"/>
  <testcase name="test0" classname="sortpom.SortPomImpl_ESTest" time="0"/>
  <testcase name="test3" classname="sortpom.SortPomImpl_ESTest" time="0"/>
  <testcase name="test2" classname="sortpom.SortPomImpl_ESTest" time="0"/>
</testsuite>